[22:24:50] [main/INFO]: Loading Minecraft 1.20.1 with Fabric Loader 0.14.23
[22:24:50] [main/INFO]: Loading 63 mods:
	- continuity 3.0.0-beta.2+1.20
	- fabric-api 0.87.0+1.20.1
	   |-- fabric-api-base 0.4.30+7abfd51577
	   |-- fabric-api-lookup-api-v1 1.6.35+4d8536c977
	   |-- fabric-biome-api-v1 13.0.10+b3afc78b77
	   |-- fabric-block-api-v1 1.0.9+e022e5d177
	   |-- fabric-blockrenderlayer-v1 1.1.40+b3afc78b77
	   |-- fabric-client-tags-api-v1 1.1.1+97bb207577
	   |-- fabric-command-api-v1 1.2.33+f71b366f77
	   |-- fabric-command-api-v2 2.2.12+b3afc78b77
	   |-- fabric-commands-v0 0.2.50+df3654b377
	   |-- fabric-containers-v0 0.1.63+df3654b377
	   |-- fabric-content-registries-v0 4.0.9+b3afc78b77
	   |-- fabric-convention-tags-v1 1.5.4+a1a980da77
	   |-- fabric-crash-report-info-v1 0.2.18+aeb40ebe77
	   |-- fabric-data-generation-api-v1 12.2.2+1e61dba177
	   |-- fabric-dimensions-v1 2.1.53+8536527b77
	   |-- fabric-entity-events-v1 1.5.22+b3afc78b77
	   |-- fabric-events-interaction-v0 0.6.1+e91849a877
	   |-- fabric-events-lifecycle-v0 0.2.62+df3654b377
	   |-- fabric-game-rule-api-v1 1.0.38+b04edc7a77
	   |-- fabric-item-api-v1 2.1.27+b3afc78b77
	   |-- fabric-item-group-api-v1 4.0.10+23d9108177
	   |-- fabric-key-binding-api-v1 1.0.36+fb8d95da77
	   |-- fabric-keybindings-v0 0.2.34+df3654b377
	   |-- fabric-lifecycle-events-v1 2.2.21+b3afc78b77
	   |-- fabric-loot-api-v2 1.1.39+b3afc78b77
	   |-- fabric-loot-tables-v1 1.1.43+9e7660c677
	   |-- fabric-message-api-v1 5.1.7+3265161977
	   |-- fabric-mining-level-api-v1 2.1.49+b3afc78b77
	   |-- fabric-model-loading-api-v1 1.0.2+709a987177
	   |-- fabric-models-v0 0.4.1+9386d8a777
	   |-- fabric-networking-api-v1 1.3.10+eeb8eb3677
	   |-- fabric-networking-v0 0.3.50+df3654b377
	   |-- fabric-object-builder-api-v1 11.1.1+6beca84877
	   |-- fabric-particles-v1 1.1.1+201a23a077
	   |-- fabric-recipe-api-v1 1.0.20+b3afc78b77
	   |-- fabric-registry-sync-v0 2.3.2+4df89eb277
	   |-- fabric-renderer-api-v1 3.1.2+6bdb2ed077
	   |-- fabric-renderer-indigo 1.4.2+6bdb2ed077
	   |-- fabric-renderer-registries-v1 3.2.45+df3654b377
	   |-- fabric-rendering-fluids-v1 3.0.27+b3afc78b77
	   |-- fabric-rendering-v0 1.1.48+df3654b377
	   |-- fabric-rendering-v1 3.0.7+b3afc78b77
	   |-- fabric-resource-conditions-api-v1 2.3.5+ea08f9d877
	   |-- fabric-resource-loader-v0 0.11.9+132c48c177
	   |-- fabric-screen-api-v1 2.0.7+b3afc78b77
	   |-- fabric-screen-handler-api-v1 1.3.29+b3afc78b77
	   |-- fabric-sound-api-v1 1.0.12+b3afc78b77
	   |-- fabric-transfer-api-v1 3.3.0+cdf060b277
	   \-- fabric-transitive-access-wideners-v1 4.3.0+6c31357e77
	- fabricloader 0.14.23
	- iris 1.6.9
	   |-- io_github_douira_glsl-transformer 2.0.0-pre13
	   |-- org_anarres_jcpp 1.4.14
	   \-- org_antlr_antlr4-runtime 4.11.1
	- java 17
	- lithium 0.11.2
	- minecraft 1.20.1
	- skinlayers 1.5.4-mc1.20.1
	- sodium 0.5.3
	   |-- fabric-block-view-api-v2 1.0.0+92a0d36777
	   \-- fabric-rendering-data-attachment-v1 0.3.36+92a0d36777
[22:24:50] [main/INFO]: SpongePowered MIXIN Subsystem Version=0.8.5 Source=file:/C:/Users/Lucas/AppData/Roaming/.minecraft/libraries/net/fabricmc/sponge-mixin/0.12.5+mixin.0.8.5/sponge-mixin-0.12.5+mixin.0.8.5.jar Service=Knot/Fabric Env=CLIENT
[22:24:50] [main/INFO]: Compatibility level set to JAVA_17
[22:24:50] [main/INFO]: Loaded configuration file for Lithium: 115 options available, 0 override(s) found
[22:24:50] [main/INFO]: Loaded configuration file for Sodium: 41 options available, 3 override(s) found
[22:24:51] [main/WARN]: Force-disabling mixin 'features.render.entity.CuboidMixin' as rule 'mixin.features.render.entity' (added by mods [iris]) disables it and children
[22:24:51] [main/WARN]: Force-disabling mixin 'features.render.entity.ModelPartMixin' as rule 'mixin.features.render.entity' (added by mods [iris]) disables it and children
[22:24:51] [main/WARN]: Force-disabling mixin 'features.render.entity.cull.EntityRendererMixin' as rule 'mixin.features.render.entity' (added by mods [iris]) disables it and children
[22:24:51] [main/WARN]: Force-disabling mixin 'features.render.entity.shadows.EntityRenderDispatcherMixin' as rule 'mixin.features.render.entity' (added by mods [iris]) disables it and children
[22:24:51] [main/WARN]: Force-disabling mixin 'features.render.gui.font.GlyphRendererMixin' as rule 'mixin.features.render.gui.font' (added by mods [iris]) disables it and children
[22:24:51] [main/WARN]: Force-disabling mixin 'features.render.world.sky.BackgroundRendererMixin' as rule 'mixin.features.render.world.sky' (added by mods [iris]) disables it and children
[22:24:51] [main/WARN]: Force-disabling mixin 'features.render.world.sky.ClientWorldMixin' as rule 'mixin.features.render.world.sky' (added by mods [iris]) disables it and children
[22:24:51] [main/WARN]: Force-disabling mixin 'features.render.world.sky.WorldRendererMixin' as rule 'mixin.features.render.world.sky' (added by mods [iris]) disables it and children
[22:24:51] [main/INFO]: Searching for graphics cards...
[22:24:51] [main/INFO]: Found graphics card: GraphicsAdapterInfo[vendor=NVIDIA, name=NVIDIA GeForce RTX 3060 Ti, version=DriverVersion=31.0.15.3742]
[22:24:51] [main/WARN]: Sodium has applied one or more workarounds to prevent crashes or other issues on your system: [NVIDIA_THREADED_OPTIMIZATIONS]
[22:24:51] [main/WARN]: This is not necessarily an issue, but it may result in certain features or optimizations being disabled. You can sometimes fix these issues by upgrading your graphics driver.
[22:24:55] [Datafixer Bootstrap/INFO]: 188 Datafixer optimizations took 108 milliseconds
[22:24:57] [Render thread/INFO]: Environment: authHost='https://authserver.mojang.com', accountsHost='https://api.mojang.com', sessionHost='https://sessionserver.mojang.com', servicesHost='https://api.minecraftservices.com', name='PROD'
[22:24:57] [Render thread/INFO]: Setting user: GreenFulBot
[22:24:57] [Render thread/INFO]: [Indigo] Different rendering plugin detected; not applying Indigo.
[22:24:57] [ForkJoinPool.commonPool-worker-1/WARN]: [Iris Update Check] Cached update file detected, using that!
[22:24:57] [Render thread/INFO]: Backend library: LWJGL version 3.3.1 SNAPSHOT
[22:24:57] [Render thread/WARN]: Attempting to apply workarounds for the NVIDIA Graphics Driver...
[22:24:57] [Render thread/WARN]: If the game crashes immediately after this point, please make a bug report: https://github.com/CaffeineMC/sodium-fabric/issues
[22:24:57] [Render thread/INFO]: ... Successfully applied workarounds for the NVIDIA Graphics Driver!
[22:24:58] [Render thread/INFO]: OpenGL Vendor: NVIDIA Corporation
[22:24:58] [Render thread/INFO]: OpenGL Renderer: NVIDIA GeForce RTX 3060 Ti/PCIe/SSE2
[22:24:58] [Render thread/INFO]: OpenGL Version: 3.2.0 NVIDIA 537.42
[22:24:58] [Render thread/INFO]: Debug functionality is disabled.
[22:24:58] [Render thread/INFO]: ARB_direct_state_access detected, enabling DSA.
[22:24:58] [Render thread/WARN]: Unable to resolve shader pack option menu element "SUN_SHADOWS" defined in shaders.properties
[22:24:58] [Render thread/WARN]: Unable to resolve shader pack option menu element "SUN_SHADOWS" defined in shaders.properties
[22:24:58] [Render thread/INFO]: Profile: Custom (+31 options changed by user)
[22:24:58] [Render thread/WARN]: Warning: the block ID map entry "dreamland:hive:jelly_cluster" could not be fully parsed:
[22:24:58] [Render thread/WARN]: - Block state property filters must be of the form "key=value", but jelly_cluster is not of that form!
[22:24:58] [Render thread/INFO]: Using shaderpack: rethinking-voxels_beta18d.zip
[22:24:58] [Render thread/WARN]: Missing metadata in pack file/005.zip
[22:24:58] [Render thread/WARN]: Missing metadata in pack file/1.12.2.zip
[22:24:58] [Render thread/INFO]: Found non-pack entry 'C:\Users\Lucas\AppData\Roaming\.minecraft\resourcepacks\aBTV 3D TESTPACK (1)', ignoring
[22:24:58] [Render thread/INFO]: Found non-pack entry 'C:\Users\Lucas\AppData\Roaming\.minecraft\resourcepacks\aBTV_256x_1.4', ignoring
[22:24:58] [Render thread/INFO]: Found non-pack entry 'C:\Users\Lucas\AppData\Roaming\.minecraft\resourcepacks\assets', ignoring
[22:24:59] [Render thread/WARN]: Missing metadata in pack file/Brixel_3.0_256x_BSL_-_unpack_this_in_your_.minecraft_folder.zip
[22:24:59] [Render thread/INFO]: Found non-pack entry 'C:\Users\Lucas\AppData\Roaming\.minecraft\resourcepacks\Feudalist_[32x]_[v0.21.4] (UNZIP ME!).rar', ignoring
[22:24:59] [Render thread/WARN]: Missing metadata in pack file/it-s-hip-to-be-a-square-e360.zip
[22:24:59] [Render thread/WARN]: Missing metadata in pack file/minecraft.zip
[22:24:59] [Render thread/INFO]: Found non-pack entry 'C:\Users\Lucas\AppData\Roaming\.minecraft\resourcepacks\pack.png', ignoring
[22:24:59] [Render thread/ERROR]: Couldn't load pack metadata
com.google.gson.JsonParseException: com.google.gson.stream.MalformedJsonException: Unexpected value at line 3 column 21 path $.pack.pack_format
	at net.minecraft.class_3518.method_47993(class_3518.java:526) ~[client-intermediary.jar:?]
	at net.minecraft.class_3518.method_15267(class_3518.java:531) ~[client-intermediary.jar:?]
	at net.minecraft.class_3518.method_15274(class_3518.java:593) ~[client-intermediary.jar:?]
	at net.minecraft.class_3518.method_15255(class_3518.java:601) ~[client-intermediary.jar:?]
	at net.minecraft.class_3255.method_14392(class_3255.java:43) ~[client-intermediary.jar:?]
	at net.minecraft.class_3255.method_14407(class_3255.java:35) ~[client-intermediary.jar:?]
	at net.minecraft.class_3288.method_45274(class_3288.java:71) ~[client-intermediary.jar:?]
	at net.minecraft.class_3288.method_45275(class_3288.java:47) ~[client-intermediary.jar:?]
	at net.minecraft.class_3279.method_45272(class_3279.java:51) ~[client-intermediary.jar:?]
	at net.minecraft.class_3279.method_45271(class_3279.java:66) ~[client-intermediary.jar:?]
	at net.minecraft.class_3279.method_14453(class_3279.java:47) ~[client-intermediary.jar:?]
	at net.minecraft.class_3283.method_29212(class_3283.java:39) ~[client-intermediary.jar:?]
	at net.minecraft.class_3283.method_14445(class_3283.java:32) ~[client-intermediary.jar:?]
	at net.minecraft.class_310.<init>(class_310.java:513) ~[client-intermediary.jar:?]
	at net.minecraft.client.main.Main.main(Main.java:211) ~[fabric-loader-0.14.23-1.20.1.jar:?]
	at net.fabricmc.loader.impl.game.minecraft.MinecraftGameProvider.launch(MinecraftGameProvider.java:468) ~[fabric-loader-0.14.23.jar:?]
	at net.fabricmc.loader.impl.launch.knot.Knot.launch(Knot.java:74) ~[fabric-loader-0.14.23.jar:?]
	at net.fabricmc.loader.impl.launch.knot.KnotClient.main(KnotClient.java:23) ~[fabric-loader-0.14.23.jar:?]
Caused by: com.google.gson.stream.MalformedJsonException: Unexpected value at line 3 column 21 path $.pack.pack_format
	at com.google.gson.stream.JsonReader.syntaxError(JsonReader.java:1657) ~[gson-2.10.jar:?]
	at com.google.gson.stream.JsonReader.doPeek(JsonReader.java:573) ~[gson-2.10.jar:?]
	at com.google.gson.stream.JsonReader.peek(JsonReader.java:433) ~[gson-2.10.jar:?]
	at com.google.gson.internal.bind.TypeAdapters$28.read(TypeAdapters.java:786) ~[gson-2.10.jar:?]
	at com.google.gson.internal.bind.TypeAdapters$28.read(TypeAdapters.java:725) ~[gson-2.10.jar:?]
	at com.google.gson.internal.bind.TypeAdapters$34$1.read(TypeAdapters.java:1007) ~[gson-2.10.jar:?]
	at net.minecraft.class_3518.method_47993(class_3518.java:524) ~[client-intermediary.jar:?]
	... 17 more
[22:24:59] [Render thread/WARN]: Missing metadata in pack file/Patrix_1.17_models.zip
[22:24:59] [Render thread/WARN]: Missing metadata in pack file/soroku textures 07_10_19.zip
[22:24:59] [Render thread/INFO]: Hardware information:
[22:24:59] [Render thread/INFO]: CPU: 16x AMD Ryzen 7 5700X 8-Core Processor 
[22:24:59] [Render thread/INFO]: GPU: NVIDIA GeForce RTX 3060 Ti/PCIe/SSE2 (Supports OpenGL 3.2.0 NVIDIA 537.42)
[22:24:59] [Render thread/INFO]: OS: Windows 11 (10.0)
[22:24:59] [Render thread/INFO]: Reloading ResourceManager: vanilla, fabric (continuity, fabric-api, fabric-api-base, fabric-api-lookup-api-v1, fabric-biome-api-v1, fabric-block-api-v1, fabric-block-view-api-v2, fabric-blockrenderlayer-v1, fabric-client-tags-api-v1, fabric-command-api-v1, fabric-command-api-v2, fabric-commands-v0, fabric-containers-v0, fabric-content-registries-v0, fabric-convention-tags-v1, fabric-crash-report-info-v1, fabric-data-generation-api-v1, fabric-dimensions-v1, fabric-entity-events-v1, fabric-events-interaction-v0, fabric-events-lifecycle-v0, fabric-game-rule-api-v1, fabric-item-api-v1, fabric-item-group-api-v1, fabric-key-binding-api-v1, fabric-keybindings-v0, fabric-lifecycle-events-v1, fabric-loot-api-v2, fabric-loot-tables-v1, fabric-message-api-v1, fabric-mining-level-api-v1, fabric-model-loading-api-v1, fabric-models-v0, fabric-networking-api-v1, fabric-networking-v0, fabric-object-builder-api-v1, fabric-particles-v1, fabric-recipe-api-v1, fabric-registry-sync-v0, fabric-renderer-api-v1, fabric-renderer-indigo, fabric-renderer-registries-v1, fabric-rendering-data-attachment-v1, fabric-rendering-fluids-v1, fabric-rendering-v0, fabric-rendering-v1, fabric-resource-conditions-api-v1, fabric-resource-loader-v0, fabric-screen-api-v1, fabric-screen-handler-api-v1, fabric-sound-api-v1, fabric-transfer-api-v1, fabric-transitive-access-wideners-v1, fabricloader, iris, lithium, skinlayers, sodium)
[22:25:00] [Worker-Main-13/INFO]: Found unifont_all_no_pua-15.0.06.hex, loading
[22:25:00] [Render thread/INFO]: Creating pipeline for dimension NamespacedId{namespace='minecraft', name='overworld'}
[22:25:00] [Render thread/INFO]: Starting custom uniform resolving
[22:25:01] [Render thread/WARN]: The in declaration 'sunVec' in the FRAGMENT shader that is never assigned to in the previous stage VERTEX has been compatibility-patched by adding an initialization for it. See debugging.md for more information.
[22:25:02] [Render thread/WARN]: Missing sound for event: minecraft:item.goat_horn.play
[22:25:02] [Render thread/WARN]: Missing sound for event: minecraft:entity.goat.screaming.horn_break
[22:25:03] [Render thread/INFO]: OpenAL initialized on device OpenAL Soft on Haut-parleurs (High Definition Audio Device)
[22:25:03] [Render thread/INFO]: Sound engine started
[22:25:03] [Render thread/INFO]: Created: 1024x512x4 minecraft:textures/atlas/blocks.png-atlas
[22:25:03] [Render thread/INFO]: Created: 256x256x4 minecraft:textures/atlas/signs.png-atlas
[22:25:03] [Render thread/INFO]: Created: 512x512x4 minecraft:textures/atlas/banner_patterns.png-atlas
[22:25:03] [Render thread/INFO]: Created: 512x512x4 minecraft:textures/atlas/shield_patterns.png-atlas
[22:25:03] [Render thread/INFO]: Created: 1024x1024x4 minecraft:textures/atlas/armor_trims.png-atlas
[22:25:03] [Render thread/INFO]: Created: 256x256x4 minecraft:textures/atlas/chest.png-atlas
[22:25:03] [Render thread/INFO]: Created: 128x64x4 minecraft:textures/atlas/decorated_pot.png-atlas
[22:25:03] [Render thread/INFO]: Created: 512x256x4 minecraft:textures/atlas/beds.png-atlas
[22:25:03] [Render thread/INFO]: Created: 512x256x4 minecraft:textures/atlas/shulker_boxes.png-atlas
[22:25:03] [Render thread/WARN]: Shader rendertype_entity_translucent_emissive could not find sampler named Sampler2 in the specified shader program.
[22:25:03] [Render thread/INFO]: Created: 256x256x0 minecraft:textures/atlas/particles.png-atlas
[22:25:03] [Render thread/INFO]: Created: 256x256x0 minecraft:textures/atlas/paintings.png-atlas
[22:25:03] [Render thread/INFO]: Created: 128x128x0 minecraft:textures/atlas/mob_effects.png-atlas
[22:25:09] [Render thread/WARN]: Missing metadata in pack file/005.zip
[22:25:09] [Render thread/WARN]: Missing metadata in pack file/1.12.2.zip
[22:25:09] [Render thread/INFO]: Found non-pack entry 'C:\Users\Lucas\AppData\Roaming\.minecraft\resourcepacks\aBTV 3D TESTPACK (1)', ignoring
[22:25:09] [Render thread/INFO]: Found non-pack entry 'C:\Users\Lucas\AppData\Roaming\.minecraft\resourcepacks\aBTV_256x_1.4', ignoring
[22:25:09] [Render thread/INFO]: Found non-pack entry 'C:\Users\Lucas\AppData\Roaming\.minecraft\resourcepacks\assets', ignoring
[22:25:09] [Render thread/WARN]: Missing metadata in pack file/Brixel_3.0_256x_BSL_-_unpack_this_in_your_.minecraft_folder.zip
[22:25:09] [Render thread/INFO]: Found non-pack entry 'C:\Users\Lucas\AppData\Roaming\.minecraft\resourcepacks\Feudalist_[32x]_[v0.21.4] (UNZIP ME!).rar', ignoring
[22:25:09] [Render thread/WARN]: Missing metadata in pack file/it-s-hip-to-be-a-square-e360.zip
[22:25:09] [Render thread/WARN]: Missing metadata in pack file/minecraft.zip
[22:25:10] [Render thread/INFO]: Found non-pack entry 'C:\Users\Lucas\AppData\Roaming\.minecraft\resourcepacks\pack.png', ignoring
[22:25:10] [Render thread/ERROR]: Couldn't load pack metadata
com.google.gson.JsonParseException: com.google.gson.stream.MalformedJsonException: Unexpected value at line 3 column 21 path $.pack.pack_format
	at net.minecraft.class_3518.method_47993(class_3518.java:526) ~[client-intermediary.jar:?]
	at net.minecraft.class_3518.method_15267(class_3518.java:531) ~[client-intermediary.jar:?]
	at net.minecraft.class_3518.method_15274(class_3518.java:593) ~[client-intermediary.jar:?]
	at net.minecraft.class_3518.method_15255(class_3518.java:601) ~[client-intermediary.jar:?]
	at net.minecraft.class_3255.method_14392(class_3255.java:43) ~[client-intermediary.jar:?]
	at net.minecraft.class_3255.method_14407(class_3255.java:35) ~[client-intermediary.jar:?]
	at net.minecraft.class_3288.method_45274(class_3288.java:71) ~[client-intermediary.jar:?]
	at net.minecraft.class_3288.method_45275(class_3288.java:47) ~[client-intermediary.jar:?]
	at net.minecraft.class_3279.method_45272(class_3279.java:51) ~[client-intermediary.jar:?]
	at net.minecraft.class_3279.method_45271(class_3279.java:66) ~[client-intermediary.jar:?]
	at net.minecraft.class_3279.method_14453(class_3279.java:47) ~[client-intermediary.jar:?]
	at net.minecraft.class_3283.method_29212(class_3283.java:39) ~[client-intermediary.jar:?]
	at net.minecraft.class_3283.method_14445(class_3283.java:32) ~[client-intermediary.jar:?]
	at net.minecraft.class_5369.method_29981(class_5369.java:60) ~[client-intermediary.jar:?]
	at net.minecraft.class_5375.method_29680(class_5375.java:168) ~[client-intermediary.jar:?]
	at net.minecraft.class_5375.method_25426(class_5375.java:113) ~[client-intermediary.jar:?]
	at net.minecraft.class_437.method_25423(class_437.java:297) ~[client-intermediary.jar:?]
	at net.minecraft.class_310.method_1507(class_310.java:1080) ~[client-intermediary.jar:?]
	at net.minecraft.class_429.method_47624(class_429.java:153) ~[client-intermediary.jar:?]
	at net.minecraft.class_4185.method_25306(class_4185.java:94) ~[client-intermediary.jar:?]
	at net.minecraft.class_4264.method_25348(class_4264.java:56) ~[client-intermediary.jar:?]
	at net.minecraft.class_339.method_25402(class_339.java:189) ~[client-intermediary.jar:?]
	at net.minecraft.class_4069.method_25402(class_4069.java:38) ~[client-intermediary.jar:?]
	at net.minecraft.class_312.method_1611(class_312.java:98) ~[client-intermediary.jar:?]
	at net.minecraft.class_437.method_25412(class_437.java:409) ~[client-intermediary.jar:?]
	at net.minecraft.class_312.method_1601(class_312.java:98) ~[client-intermediary.jar:?]
	at net.minecraft.class_312.method_22686(class_312.java:169) ~[client-intermediary.jar:?]
	at net.minecraft.class_1255.execute(class_1255.java:102) ~[client-intermediary.jar:?]
	at net.minecraft.class_312.method_22684(class_312.java:169) ~[client-intermediary.jar:?]
	at org.lwjgl.glfw.GLFWMouseButtonCallbackI.callback(GLFWMouseButtonCallbackI.java:43) ~[lwjgl-glfw-3.3.1.jar:?]
	at org.lwjgl.system.JNI.invokeV(Native Method) ~[lwjgl-3.3.1.jar:?]
	at org.lwjgl.glfw.GLFW.glfwWaitEventsTimeout(GLFW.java:3474) ~[lwjgl-glfw-3.3.1.jar:?]
	at com.mojang.blaze3d.systems.RenderSystem.limitDisplayFPS(RenderSystem.java:237) ~[client-intermediary.jar:?]
	at net.minecraft.class_310.method_1523(class_310.java:1244) ~[client-intermediary.jar:?]
	at net.minecraft.class_310.method_1514(class_310.java:802) ~[client-intermediary.jar:?]
	at net.minecraft.client.main.Main.main(Main.java:250) ~[fabric-loader-0.14.23-1.20.1.jar:?]
	at net.fabricmc.loader.impl.game.minecraft.MinecraftGameProvider.launch(MinecraftGameProvider.java:468) ~[fabric-loader-0.14.23.jar:?]
	at net.fabricmc.loader.impl.launch.knot.Knot.launch(Knot.java:74) ~[fabric-loader-0.14.23.jar:?]
	at net.fabricmc.loader.impl.launch.knot.KnotClient.main(KnotClient.java:23) ~[fabric-loader-0.14.23.jar:?]
Caused by: com.google.gson.stream.MalformedJsonException: Unexpected value at line 3 column 21 path $.pack.pack_format
	at com.google.gson.stream.JsonReader.syntaxError(JsonReader.java:1657) ~[gson-2.10.jar:?]
	at com.google.gson.stream.JsonReader.doPeek(JsonReader.java:573) ~[gson-2.10.jar:?]
	at com.google.gson.stream.JsonReader.peek(JsonReader.java:433) ~[gson-2.10.jar:?]
	at com.google.gson.internal.bind.TypeAdapters$28.read(TypeAdapters.java:786) ~[gson-2.10.jar:?]
	at com.google.gson.internal.bind.TypeAdapters$28.read(TypeAdapters.java:725) ~[gson-2.10.jar:?]
	at com.google.gson.internal.bind.TypeAdapters$34$1.read(TypeAdapters.java:1007) ~[gson-2.10.jar:?]
	at net.minecraft.class_3518.method_47993(class_3518.java:524) ~[client-intermediary.jar:?]
	... 38 more
[22:25:10] [Render thread/WARN]: Missing metadata in pack file/Patrix_1.17_models.zip
[22:25:10] [Render thread/WARN]: Missing metadata in pack file/soroku textures 07_10_19.zip
[22:25:18] [Render thread/WARN]: Missing metadata in pack file/005.zip
[22:25:18] [Render thread/WARN]: Missing metadata in pack file/1.12.2.zip
[22:25:18] [Render thread/INFO]: Found non-pack entry 'C:\Users\Lucas\AppData\Roaming\.minecraft\resourcepacks\aBTV 3D TESTPACK (1)', ignoring
[22:25:18] [Render thread/INFO]: Found non-pack entry 'C:\Users\Lucas\AppData\Roaming\.minecraft\resourcepacks\aBTV_256x_1.4', ignoring
[22:25:18] [Render thread/INFO]: Found non-pack entry 'C:\Users\Lucas\AppData\Roaming\.minecraft\resourcepacks\assets', ignoring
[22:25:18] [Render thread/WARN]: Missing metadata in pack file/Brixel_3.0_256x_BSL_-_unpack_this_in_your_.minecraft_folder.zip
[22:25:18] [Render thread/INFO]: Found non-pack entry 'C:\Users\Lucas\AppData\Roaming\.minecraft\resourcepacks\Feudalist_[32x]_[v0.21.4] (UNZIP ME!).rar', ignoring
[22:25:18] [Render thread/WARN]: Missing metadata in pack file/it-s-hip-to-be-a-square-e360.zip
[22:25:18] [Render thread/WARN]: Missing metadata in pack file/minecraft.zip
[22:25:18] [Render thread/INFO]: Found non-pack entry 'C:\Users\Lucas\AppData\Roaming\.minecraft\resourcepacks\pack.png', ignoring
[22:25:18] [Render thread/ERROR]: Couldn't load pack metadata
com.google.gson.JsonParseException: com.google.gson.stream.MalformedJsonException: Unexpected value at line 3 column 21 path $.pack.pack_format
	at net.minecraft.class_3518.method_47993(class_3518.java:526) ~[client-intermediary.jar:?]
	at net.minecraft.class_3518.method_15267(class_3518.java:531) ~[client-intermediary.jar:?]
	at net.minecraft.class_3518.method_15274(class_3518.java:593) ~[client-intermediary.jar:?]
	at net.minecraft.class_3518.method_15255(class_3518.java:601) ~[client-intermediary.jar:?]
	at net.minecraft.class_3255.method_14392(class_3255.java:43) ~[client-intermediary.jar:?]
	at net.minecraft.class_3255.method_14407(class_3255.java:35) ~[client-intermediary.jar:?]
	at net.minecraft.class_3288.method_45274(class_3288.java:71) ~[client-intermediary.jar:?]
	at net.minecraft.class_3288.method_45275(class_3288.java:47) ~[client-intermediary.jar:?]
	at net.minecraft.class_3279.method_45272(class_3279.java:51) ~[client-intermediary.jar:?]
	at net.minecraft.class_3279.method_45271(class_3279.java:66) ~[client-intermediary.jar:?]
	at net.minecraft.class_3279.method_14453(class_3279.java:47) ~[client-intermediary.jar:?]
	at net.minecraft.class_3283.method_29212(class_3283.java:39) ~[client-intermediary.jar:?]
	at net.minecraft.class_3283.method_14445(class_3283.java:32) ~[client-intermediary.jar:?]
	at net.minecraft.class_310.method_36561(class_310.java:944) ~[client-intermediary.jar:?]
	at net.minecraft.class_310.method_1521(class_310.java:928) ~[client-intermediary.jar:?]
	at net.minecraft.class_315.method_49598(class_315.java:315) ~[client-intermediary.jar:?]
	at net.minecraft.class_429.method_49626(class_429.java:86) ~[client-intermediary.jar:?]
	at net.minecraft.class_5369.method_29642(class_5369.java:56) ~[client-intermediary.jar:?]
	at net.minecraft.class_5375.method_25419(class_5375.java:77) ~[client-intermediary.jar:?]
	at net.minecraft.class_5375.method_29982(class_5375.java:108) ~[client-intermediary.jar:?]
	at net.minecraft.class_4185.method_25306(class_4185.java:94) ~[client-intermediary.jar:?]
	at net.minecraft.class_4264.method_25348(class_4264.java:56) ~[client-intermediary.jar:?]
	at net.minecraft.class_339.method_25402(class_339.java:189) ~[client-intermediary.jar:?]
	at net.minecraft.class_4069.method_25402(class_4069.java:38) ~[client-intermediary.jar:?]
	at net.minecraft.class_312.method_1611(class_312.java:98) ~[client-intermediary.jar:?]
	at net.minecraft.class_437.method_25412(class_437.java:409) ~[client-intermediary.jar:?]
	at net.minecraft.class_312.method_1601(class_312.java:98) ~[client-intermediary.jar:?]
	at net.minecraft.class_312.method_22686(class_312.java:169) ~[client-intermediary.jar:?]
	at net.minecraft.class_1255.execute(class_1255.java:102) ~[client-intermediary.jar:?]
	at net.minecraft.class_312.method_22684(class_312.java:169) ~[client-intermediary.jar:?]
	at org.lwjgl.glfw.GLFWMouseButtonCallbackI.callback(GLFWMouseButtonCallbackI.java:43) ~[lwjgl-glfw-3.3.1.jar:?]
	at org.lwjgl.system.JNI.invokeV(Native Method) ~[lwjgl-3.3.1.jar:?]
	at org.lwjgl.glfw.GLFW.glfwWaitEventsTimeout(GLFW.java:3474) ~[lwjgl-glfw-3.3.1.jar:?]
	at com.mojang.blaze3d.systems.RenderSystem.limitDisplayFPS(RenderSystem.java:237) ~[client-intermediary.jar:?]
	at net.minecraft.class_310.method_1523(class_310.java:1244) ~[client-intermediary.jar:?]
	at net.minecraft.class_310.method_1514(class_310.java:802) ~[client-intermediary.jar:?]
	at net.minecraft.client.main.Main.main(Main.java:250) ~[fabric-loader-0.14.23-1.20.1.jar:?]
	at net.fabricmc.loader.impl.game.minecraft.MinecraftGameProvider.launch(MinecraftGameProvider.java:468) ~[fabric-loader-0.14.23.jar:?]
	at net.fabricmc.loader.impl.launch.knot.Knot.launch(Knot.java:74) ~[fabric-loader-0.14.23.jar:?]
	at net.fabricmc.loader.impl.launch.knot.KnotClient.main(KnotClient.java:23) ~[fabric-loader-0.14.23.jar:?]
Caused by: com.google.gson.stream.MalformedJsonException: Unexpected value at line 3 column 21 path $.pack.pack_format
	at com.google.gson.stream.JsonReader.syntaxError(JsonReader.java:1657) ~[gson-2.10.jar:?]
	at com.google.gson.stream.JsonReader.doPeek(JsonReader.java:573) ~[gson-2.10.jar:?]
	at com.google.gson.stream.JsonReader.peek(JsonReader.java:433) ~[gson-2.10.jar:?]
	at com.google.gson.internal.bind.TypeAdapters$28.read(TypeAdapters.java:786) ~[gson-2.10.jar:?]
	at com.google.gson.internal.bind.TypeAdapters$28.read(TypeAdapters.java:725) ~[gson-2.10.jar:?]
	at com.google.gson.internal.bind.TypeAdapters$34$1.read(TypeAdapters.java:1007) ~[gson-2.10.jar:?]
	at net.minecraft.class_3518.method_47993(class_3518.java:524) ~[client-intermediary.jar:?]
	... 39 more
[22:25:18] [Render thread/WARN]: Missing metadata in pack file/Patrix_1.17_models.zip
[22:25:18] [Render thread/WARN]: Missing metadata in pack file/soroku textures 07_10_19.zip
[22:25:18] [Render thread/INFO]: Reloading ResourceManager: vanilla, fabric (continuity, fabric-api, fabric-api-base, fabric-api-lookup-api-v1, fabric-biome-api-v1, fabric-block-api-v1, fabric-block-view-api-v2, fabric-blockrenderlayer-v1, fabric-client-tags-api-v1, fabric-command-api-v1, fabric-command-api-v2, fabric-commands-v0, fabric-containers-v0, fabric-content-registries-v0, fabric-convention-tags-v1, fabric-crash-report-info-v1, fabric-data-generation-api-v1, fabric-dimensions-v1, fabric-entity-events-v1, fabric-events-interaction-v0, fabric-events-lifecycle-v0, fabric-game-rule-api-v1, fabric-item-api-v1, fabric-item-group-api-v1, fabric-key-binding-api-v1, fabric-keybindings-v0, fabric-lifecycle-events-v1, fabric-loot-api-v2, fabric-loot-tables-v1, fabric-message-api-v1, fabric-mining-level-api-v1, fabric-model-loading-api-v1, fabric-models-v0, fabric-networking-api-v1, fabric-networking-v0, fabric-object-builder-api-v1, fabric-particles-v1, fabric-recipe-api-v1, fabric-registry-sync-v0, fabric-renderer-api-v1, fabric-renderer-indigo, fabric-renderer-registries-v1, fabric-rendering-data-attachment-v1, fabric-rendering-fluids-v1, fabric-rendering-v0, fabric-rendering-v1, fabric-resource-conditions-api-v1, fabric-resource-loader-v0, fabric-screen-api-v1, fabric-screen-handler-api-v1, fabric-sound-api-v1, fabric-transfer-api-v1, fabric-transitive-access-wideners-v1, fabricloader, iris, lithium, skinlayers, sodium), file/Patrix_1.20_32x_basic.zip
[22:25:18] [Worker-Main-13/INFO]: Found unifont_all_no_pua-15.0.06.hex, loading
[22:25:19] [Worker-Main-6/WARN]: Missing sprite: minecraft:textures/continuity_reserved/00001492.png
[22:25:19] [Worker-Main-6/WARN]: Missing sprite: minecraft:textures/continuity_reserved/000014b6.png
[22:25:19] [Worker-Main-6/WARN]: Missing sprite: minecraft:textures/continuity_reserved/000014da.png
[22:25:19] [Worker-Main-6/WARN]: Missing sprite: minecraft:textures/continuity_reserved/0000146e.png
[22:25:19] [Render thread/INFO]: Caught error loading resourcepacks, removing all selected resourcepacks
java.util.concurrent.CompletionException: java.lang.NullPointerException: Cannot invoke "net.fabricmc.fabric.api.renderer.v1.Renderer.materialFinder()" because the return value of "net.fabricmc.fabric.api.renderer.v1.RendererAccess.getRenderer()" is null
	at java.util.concurrent.CompletableFuture.encodeThrowable(CompletableFuture.java:315) ~[?:?]
	at java.util.concurrent.CompletableFuture.completeThrowable(CompletableFuture.java:320) ~[?:?]
	at java.util.concurrent.CompletableFuture$UniApply.tryFire(CompletableFuture.java:649) ~[?:?]
	at java.util.concurrent.CompletableFuture$Completion.exec(CompletableFuture.java:483) ~[?:?]
	at java.util.concurrent.ForkJoinTask.doExec(ForkJoinTask.java:373) ~[?:?]
	at java.util.concurrent.ForkJoinPool$WorkQueue.topLevelExec(ForkJoinPool.java:1182) ~[?:?]
	at java.util.concurrent.ForkJoinPool.scan(ForkJoinPool.java:1655) ~[?:?]
	at java.util.concurrent.ForkJoinPool.runWorker(ForkJoinPool.java:1622) ~[?:?]
	at java.util.concurrent.ForkJoinWorkerThread.run(ForkJoinWorkerThread.java:165) ~[?:?]
Caused by: java.lang.NullPointerException: Cannot invoke "net.fabricmc.fabric.api.renderer.v1.Renderer.materialFinder()" because the return value of "net.fabricmc.fabric.api.renderer.v1.RendererAccess.getRenderer()" is null
	at me.pepperbell.continuity.client.util.RenderUtil.lambda$static$0(RenderUtil.java:30) ~[continuity-3.0.0-beta.2+1.20.jar:?]
	at java.lang.ThreadLocal$SuppliedThreadLocal.initialValue(ThreadLocal.java:305) ~[?:?]
	at java.lang.ThreadLocal.setInitialValue(ThreadLocal.java:195) ~[?:?]
	at java.lang.ThreadLocal.get(ThreadLocal.java:172) ~[?:?]
	at me.pepperbell.continuity.client.util.RenderUtil.getMaterialFinder(RenderUtil.java:42) ~[continuity-3.0.0-beta.2+1.20.jar:?]
	at me.pepperbell.continuity.client.processor.overlay.SimpleOverlayQuadProcessor.<init>(SimpleOverlayQuadProcessor.java:38) ~[continuity-3.0.0-beta.2+1.20.jar:?]
	at me.pepperbell.continuity.client.processor.overlay.SimpleOverlayQuadProcessor$Factory.createProcessor(SimpleOverlayQuadProcessor.java:99) ~[continuity-3.0.0-beta.2+1.20.jar:?]
	at me.pepperbell.continuity.client.processor.AbstractQuadProcessorFactory.createProcessor(AbstractQuadProcessorFactory.java:50) ~[continuity-3.0.0-beta.2+1.20.jar:?]
	at me.pepperbell.continuity.client.processor.AbstractQuadProcessorFactory.createProcessor(AbstractQuadProcessorFactory.java:14) ~[continuity-3.0.0-beta.2+1.20.jar:?]
	at me.pepperbell.continuity.client.resource.CTMPropertiesLoader$LoadingContainer.toProcessorHolder(CTMPropertiesLoader.java:114) ~[continuity-3.0.0-beta.2+1.20.jar:?]
	at me.pepperbell.continuity.client.resource.CTMPropertiesLoader.createProcessorHolders(CTMPropertiesLoader.java:107) ~[continuity-3.0.0-beta.2+1.20.jar:?]
	at me.pepperbell.continuity.client.resource.BakedModelManagerReloadExtension.beforeBaking(BakedModelManagerReloadExtension.java:44) ~[continuity-3.0.0-beta.2+1.20.jar:?]
	at net.minecraft.class_1092.handler$zzb000$continuity$onHeadBake(class_1092.java:555) ~[client-intermediary.jar:?]
	at net.minecraft.class_1092.method_45883(class_1092.java) ~[client-intermediary.jar:?]
	at net.minecraft.class_1092.method_45885(class_1092.java:92) ~[client-intermediary.jar:?]
	at java.util.concurrent.CompletableFuture$UniApply.tryFire(CompletableFuture.java:646) ~[?:?]
	... 6 more
[22:25:19] [Render thread/WARN]: Missing metadata in pack file/005.zip
[22:25:19] [Render thread/WARN]: Missing metadata in pack file/1.12.2.zip
[22:25:19] [Render thread/INFO]: Found non-pack entry 'C:\Users\Lucas\AppData\Roaming\.minecraft\resourcepacks\aBTV 3D TESTPACK (1)', ignoring
[22:25:19] [Render thread/INFO]: Found non-pack entry 'C:\Users\Lucas\AppData\Roaming\.minecraft\resourcepacks\aBTV_256x_1.4', ignoring
[22:25:19] [Render thread/INFO]: Found non-pack entry 'C:\Users\Lucas\AppData\Roaming\.minecraft\resourcepacks\assets', ignoring
[22:25:19] [Render thread/WARN]: Missing metadata in pack file/Brixel_3.0_256x_BSL_-_unpack_this_in_your_.minecraft_folder.zip
[22:25:19] [Render thread/INFO]: Found non-pack entry 'C:\Users\Lucas\AppData\Roaming\.minecraft\resourcepacks\Feudalist_[32x]_[v0.21.4] (UNZIP ME!).rar', ignoring
[22:25:19] [Render thread/WARN]: Missing metadata in pack file/it-s-hip-to-be-a-square-e360.zip
[22:25:19] [Render thread/WARN]: Missing metadata in pack file/minecraft.zip
[22:25:19] [Render thread/INFO]: Found non-pack entry 'C:\Users\Lucas\AppData\Roaming\.minecraft\resourcepacks\pack.png', ignoring
[22:25:19] [Render thread/ERROR]: Couldn't load pack metadata
com.google.gson.JsonParseException: com.google.gson.stream.MalformedJsonException: Unexpected value at line 3 column 21 path $.pack.pack_format
	at net.minecraft.class_3518.method_47993(class_3518.java:526) ~[client-intermediary.jar:?]
	at net.minecraft.class_3518.method_15267(class_3518.java:531) ~[client-intermediary.jar:?]
	at net.minecraft.class_3518.method_15274(class_3518.java:593) ~[client-intermediary.jar:?]
	at net.minecraft.class_3518.method_15255(class_3518.java:601) ~[client-intermediary.jar:?]
	at net.minecraft.class_3255.method_14392(class_3255.java:43) ~[client-intermediary.jar:?]
	at net.minecraft.class_3255.method_14407(class_3255.java:35) ~[client-intermediary.jar:?]
	at net.minecraft.class_3288.method_45274(class_3288.java:71) ~[client-intermediary.jar:?]
	at net.minecraft.class_3288.method_45275(class_3288.java:47) ~[client-intermediary.jar:?]
	at net.minecraft.class_3279.method_45272(class_3279.java:51) ~[client-intermediary.jar:?]
	at net.minecraft.class_3279.method_45271(class_3279.java:66) ~[client-intermediary.jar:?]
	at net.minecraft.class_3279.method_14453(class_3279.java:47) ~[client-intermediary.jar:?]
	at net.minecraft.class_3283.method_29212(class_3283.java:39) ~[client-intermediary.jar:?]
	at net.minecraft.class_3283.method_14445(class_3283.java:32) ~[client-intermediary.jar:?]
	at net.minecraft.class_310.method_36561(class_310.java:944) ~[client-intermediary.jar:?]
	at net.minecraft.class_310.method_31186(class_310.java:762) ~[client-intermediary.jar:?]
	at net.minecraft.class_310.method_24226(class_310.java:746) ~[client-intermediary.jar:?]
	at net.minecraft.class_310.method_49293(class_310.java:956) ~[client-intermediary.jar:?]
	at net.minecraft.class_156.method_17974(class_156.java:513) ~[client-intermediary.jar:?]
	at net.minecraft.class_310.method_24228(class_310.java:951) ~[client-intermediary.jar:?]
	at net.minecraft.class_425.method_25394(class_425.java:151) ~[client-intermediary.jar:?]
	at net.minecraft.class_757.method_3192(class_757.java:934) ~[client-intermediary.jar:?]
	at net.minecraft.class_310.method_1523(class_310.java:1219) ~[client-intermediary.jar:?]
	at net.minecraft.class_310.method_1514(class_310.java:802) ~[client-intermediary.jar:?]
	at net.minecraft.client.main.Main.main(Main.java:250) ~[fabric-loader-0.14.23-1.20.1.jar:?]
	at net.fabricmc.loader.impl.game.minecraft.MinecraftGameProvider.launch(MinecraftGameProvider.java:468) ~[fabric-loader-0.14.23.jar:?]
	at net.fabricmc.loader.impl.launch.knot.Knot.launch(Knot.java:74) ~[fabric-loader-0.14.23.jar:?]
	at net.fabricmc.loader.impl.launch.knot.KnotClient.main(KnotClient.java:23) ~[fabric-loader-0.14.23.jar:?]
Caused by: com.google.gson.stream.MalformedJsonException: Unexpected value at line 3 column 21 path $.pack.pack_format
	at com.google.gson.stream.JsonReader.syntaxError(JsonReader.java:1657) ~[gson-2.10.jar:?]
	at com.google.gson.stream.JsonReader.doPeek(JsonReader.java:573) ~[gson-2.10.jar:?]
	at com.google.gson.stream.JsonReader.peek(JsonReader.java:433) ~[gson-2.10.jar:?]
	at com.google.gson.internal.bind.TypeAdapters$28.read(TypeAdapters.java:786) ~[gson-2.10.jar:?]
	at com.google.gson.internal.bind.TypeAdapters$28.read(TypeAdapters.java:725) ~[gson-2.10.jar:?]
	at com.google.gson.internal.bind.TypeAdapters$34$1.read(TypeAdapters.java:1007) ~[gson-2.10.jar:?]
	at net.minecraft.class_3518.method_47993(class_3518.java:524) ~[client-intermediary.jar:?]
	... 26 more
[22:25:19] [Render thread/WARN]: Missing metadata in pack file/Patrix_1.17_models.zip
[22:25:20] [Render thread/WARN]: Missing metadata in pack file/soroku textures 07_10_19.zip
[22:25:20] [Render thread/INFO]: Reloading ResourceManager: vanilla, fabric (continuity, fabric-api, fabric-api-base, fabric-api-lookup-api-v1, fabric-biome-api-v1, fabric-block-api-v1, fabric-block-view-api-v2, fabric-blockrenderlayer-v1, fabric-client-tags-api-v1, fabric-command-api-v1, fabric-command-api-v2, fabric-commands-v0, fabric-containers-v0, fabric-content-registries-v0, fabric-convention-tags-v1, fabric-crash-report-info-v1, fabric-data-generation-api-v1, fabric-dimensions-v1, fabric-entity-events-v1, fabric-events-interaction-v0, fabric-events-lifecycle-v0, fabric-game-rule-api-v1, fabric-item-api-v1, fabric-item-group-api-v1, fabric-key-binding-api-v1, fabric-keybindings-v0, fabric-lifecycle-events-v1, fabric-loot-api-v2, fabric-loot-tables-v1, fabric-message-api-v1, fabric-mining-level-api-v1, fabric-model-loading-api-v1, fabric-models-v0, fabric-networking-api-v1, fabric-networking-v0, fabric-object-builder-api-v1, fabric-particles-v1, fabric-recipe-api-v1, fabric-registry-sync-v0, fabric-renderer-api-v1, fabric-renderer-indigo, fabric-renderer-registries-v1, fabric-rendering-data-attachment-v1, fabric-rendering-fluids-v1, fabric-rendering-v0, fabric-rendering-v1, fabric-resource-conditions-api-v1, fabric-resource-loader-v0, fabric-screen-api-v1, fabric-screen-handler-api-v1, fabric-sound-api-v1, fabric-transfer-api-v1, fabric-transitive-access-wideners-v1, fabricloader, iris, lithium, skinlayers, sodium)
[22:25:20] [Worker-Main-9/INFO]: Found unifont_all_no_pua-15.0.06.hex, loading
[22:25:20] [Render thread/WARN]: Missing sound for event: minecraft:item.goat_horn.play
[22:25:20] [Render thread/WARN]: Missing sound for event: minecraft:entity.goat.screaming.horn_break
[22:25:20] [Render thread/INFO]: OpenAL initialized on device OpenAL Soft on Haut-parleurs (High Definition Audio Device)
[22:25:20] [Render thread/INFO]: Sound engine started
[22:25:20] [Render thread/INFO]: Created: 1024x512x4 minecraft:textures/atlas/blocks.png-atlas
[22:25:20] [Render thread/INFO]: Created: 256x256x4 minecraft:textures/atlas/signs.png-atlas
[22:25:20] [Render thread/INFO]: Created: 512x512x4 minecraft:textures/atlas/banner_patterns.png-atlas
[22:25:20] [Render thread/INFO]: Created: 512x512x4 minecraft:textures/atlas/shield_patterns.png-atlas
[22:25:20] [Render thread/INFO]: Created: 1024x1024x4 minecraft:textures/atlas/armor_trims.png-atlas
[22:25:20] [Render thread/INFO]: Created: 256x256x4 minecraft:textures/atlas/chest.png-atlas
[22:25:20] [Render thread/INFO]: Created: 128x64x4 minecraft:textures/atlas/decorated_pot.png-atlas
[22:25:20] [Render thread/INFO]: Created: 512x256x4 minecraft:textures/atlas/beds.png-atlas
[22:25:20] [Render thread/INFO]: Created: 512x256x4 minecraft:textures/atlas/shulker_boxes.png-atlas
[22:25:20] [Render thread/WARN]: Shader rendertype_entity_translucent_emissive could not find sampler named Sampler2 in the specified shader program.
[22:25:20] [Render thread/INFO]: Created: 256x256x0 minecraft:textures/atlas/particles.png-atlas
[22:25:20] [Render thread/INFO]: Created: 256x256x0 minecraft:textures/atlas/paintings.png-atlas
[22:25:20] [Render thread/INFO]: Created: 128x128x0 minecraft:textures/atlas/mob_effects.png-atlas
